<?xml version="1.0" encoding="UTF-8"?>
<testsuites name="jest tests" tests="66" failures="0" errors="0" time="89.619">
  <testsuite name="Pets E2E Tests (Complete)" errors="0" failures="0" skipped="0" timestamp="2025-06-26T09:55:52" time="29.577" tests="11">
    <testcase classname="Pets E2E Tests (Complete) › Pet CRUD Operations" name="should create pet without organization" time="3.7">
    </testcase>
    <testcase classname="Pets E2E Tests (Complete) › Pet CRUD Operations" name="should get pets list" time="0.29">
    </testcase>
    <testcase classname="Pets E2E Tests (Complete) › Pet CRUD Operations" name="should get pet details" time="3.065">
    </testcase>
    <testcase classname="Pets E2E Tests (Complete) › Pet CRUD Operations" name="should update pet details" time="3.285">
    </testcase>
    <testcase classname="Pets E2E Tests (Complete) › Pet CRUD Operations" name="should delete pet" time="3.205">
    </testcase>
    <testcase classname="Pets E2E Tests (Complete) › Pet CRUD Operations" name="should search pets" time="0.283">
    </testcase>
    <testcase classname="Pets E2E Tests (Complete) › Pet Advanced Features" name="should hide pet visibility" time="3.718">
    </testcase>
    <testcase classname="Pets E2E Tests (Complete) › Pet Advanced Features" name="should show pet visibility" time="3.938">
    </testcase>
    <testcase classname="Pets E2E Tests (Complete) › Pet Advanced Features" name="should feature pet" time="3.919">
    </testcase>
    <testcase classname="Pets E2E Tests (Complete) › Pet Validation &amp; Error Handling" name="should validate required fields when creating pet" time="0.575">
    </testcase>
    <testcase classname="Pets E2E Tests (Complete) › Pet Validation &amp; Error Handling" name="should handle pet not found error" time="0.179">
    </testcase>
  </testsuite>
  <testsuite name="Users E2E Tests" errors="0" failures="0" skipped="0" timestamp="2025-06-26T09:56:22" time="25.903" tests="11">
    <testcase classname="Users E2E Tests › User CRUD Operations" name="should create user successfully" time="2.184">
    </testcase>
    <testcase classname="Users E2E Tests › User CRUD Operations" name="should get users list" time="0.761">
    </testcase>
    <testcase classname="Users E2E Tests › User CRUD Operations" name="should get user by ID" time="2.81">
    </testcase>
    <testcase classname="Users E2E Tests › User CRUD Operations" name="should get current user profile" time="0.728">
    </testcase>
    <testcase classname="Users E2E Tests › User CRUD Operations" name="should update user information" time="2.696">
    </testcase>
    <testcase classname="Users E2E Tests › User CRUD Operations" name="should delete user" time="4.459">
    </testcase>
    <testcase classname="Users E2E Tests › User Social Features" name="should block user" time="4.712">
    </testcase>
    <testcase classname="Users E2E Tests › User Social Features" name="should unblock user" time="5.267">
    </testcase>
    <testcase classname="Users E2E Tests › User Validation &amp; Error Handling" name="should validate required fields when creating user" time="0.592">
    </testcase>
    <testcase classname="Users E2E Tests › User Validation &amp; Error Handling" name="should handle user not found" time="0.567">
    </testcase>
    <testcase classname="Users E2E Tests › User Validation &amp; Error Handling" name="should handle invalid user ID format" time="0.625">
    </testcase>
  </testsuite>
  <testsuite name="Organizations E2E Tests" errors="0" failures="0" skipped="0" timestamp="2025-06-26T09:56:48" time="10.792" tests="8">
    <testcase classname="Organizations E2E Tests › Organization CRUD Operations" name="should create organization as admin" time="2.477">
    </testcase>
    <testcase classname="Organizations E2E Tests › Organization CRUD Operations" name="should get organization details" time="2.472">
    </testcase>
    <testcase classname="Organizations E2E Tests › Organization CRUD Operations" name="should update organization" time="2.332">
    </testcase>
    <testcase classname="Organizations E2E Tests › Organization CRUD Operations" name="should delete organization" time="2.018">
    </testcase>
    <testcase classname="Organizations E2E Tests › Organization CRUD Operations" name="should prevent non-admin from creating organization" time="0.006">
    </testcase>
    <testcase classname="Organizations E2E Tests › Organization Types" name="should get organization types (public endpoint)" time="0.005">
    </testcase>
    <testcase classname="Organizations E2E Tests › Organization Validation" name="should validate required fields when creating organization" time="0.568">
    </testcase>
    <testcase classname="Organizations E2E Tests › Organization Validation" name="should validate organization type exists" time="0.552">
    </testcase>
  </testsuite>
  <testsuite name="Authentication E2E Tests" errors="0" failures="0" skipped="0" timestamp="2025-06-26T09:56:59" time="3.269" tests="8">
    <testcase classname="Authentication E2E Tests › Admin Login" name="should login admin successfully" time="0.34">
    </testcase>
    <testcase classname="Authentication E2E Tests › Admin Login" name="should use AuthManager for admin login" time="0.36">
    </testcase>
    <testcase classname="Authentication E2E Tests › Invalid Credentials" name="should fail with invalid credentials" time="0.26">
    </testcase>
    <testcase classname="Authentication E2E Tests › Invalid Credentials" name="should fail with missing password" time="0.01">
    </testcase>
    <testcase classname="Authentication E2E Tests › Token Validation" name="should validate token correctly" time="0.914">
    </testcase>
    <testcase classname="Authentication E2E Tests › Token Validation" name="should reject invalid token" time="0.006">
    </testcase>
    <testcase classname="Authentication E2E Tests › Token Validation" name="should reject missing token" time="0.004">
    </testcase>
    <testcase classname="Authentication E2E Tests › Session Management" name="should logout and clear session" time="1.261">
    </testcase>
  </testsuite>
  <testsuite name="Admin Management E2E Tests (Simplified)" errors="0" failures="0" skipped="0" timestamp="2025-06-26T09:57:02" time="13.751" tests="7">
    <testcase classname="Admin Management E2E Tests (Simplified) › Admin User Management" name="should get all users as admin" time="0.694">
    </testcase>
    <testcase classname="Admin Management E2E Tests (Simplified) › Admin User Management" name="should create user as admin" time="1.854">
    </testcase>
    <testcase classname="Admin Management E2E Tests (Simplified) › Admin User Management" name="should get user details as admin" time="3.081">
    </testcase>
    <testcase classname="Admin Management E2E Tests (Simplified) › Admin User Management" name="should update user as admin" time="2.845">
    </testcase>
    <testcase classname="Admin Management E2E Tests (Simplified) › Admin User Management" name="should delete user as admin" time="3.522">
    </testcase>
    <testcase classname="Admin Management E2E Tests (Simplified) › Admin Validation &amp; Error Handling" name="should handle admin user not found" time="0.749">
    </testcase>
    <testcase classname="Admin Management E2E Tests (Simplified) › Admin Validation &amp; Error Handling" name="should validate required fields for user creation" time="0.553">
    </testcase>
  </testsuite>
  <testsuite name="Configuration Validation" errors="0" failures="0" skipped="0" timestamp="2025-06-26T09:57:16" time="0.184" tests="14">
    <testcase classname="Configuration Validation" name="should have correct test environment" time="0.001">
    </testcase>
    <testcase classname="Configuration Validation" name="should have API_URL configured" time="0.001">
    </testcase>
    <testcase classname="Configuration Validation" name="should have API connectivity available" time="0.001">
    </testcase>
    <testcase classname="Configuration Validation" name="should complete successfully" time="0">
    </testcase>
    <testcase classname="Core Helpers Validation" name="should create ApiClient instance" time="0.001">
    </testcase>
    <testcase classname="Core Helpers Validation" name="should create AuthManager instance" time="0.001">
    </testcase>
    <testcase classname="Core Helpers Validation" name="should have utility functions available" time="0">
    </testcase>
    <testcase classname="Data Helper Validation" name="should create TestDataManager instance" time="0.001">
    </testcase>
    <testcase classname="Data Helper Validation" name="should generate unique user data" time="0.001">
    </testcase>
    <testcase classname="Data Helper Validation" name="should generate organization data with overrides" time="0">
    </testcase>
    <testcase classname="Data Helper Validation" name="should generate unique IDs" time="0">
    </testcase>
    <testcase classname="Cleanup Helper Validation" name="should create CleanupManager instance" time="0">
    </testcase>
    <testcase classname="Cleanup Helper Validation" name="should track resources correctly" time="0">
    </testcase>
    <testcase classname="Cleanup Helper Validation" name="should clear resources after cleanup" time="0">
    </testcase>
  </testsuite>
  <testsuite name="Messages E2E Tests (Simplified)" errors="0" failures="0" skipped="0" timestamp="2025-06-26T09:57:16" time="3.792" tests="4">
    <testcase classname="Messages E2E Tests (Simplified) › Message Basic Tests" name="should handle message validation errors" time="0.749">
    </testcase>
    <testcase classname="Messages E2E Tests (Simplified) › Message Basic Tests" name="should handle invalid conversation ID" time="1.073">
    </testcase>
    <testcase classname="Messages E2E Tests (Simplified) › Message Basic Tests" name="should handle message not found" time="1.029">
    </testcase>
    <testcase classname="Messages E2E Tests (Simplified) › Message Basic Tests" name="should handle invalid message ID format" time="0.575">
    </testcase>
  </testsuite>
  <testsuite name="Conversations E2E Tests (Simplified)" errors="0" failures="0" skipped="0" timestamp="2025-06-26T09:57:20" time="1.986" tests="3">
    <testcase classname="Conversations E2E Tests (Simplified) › Conversation Basic Tests" name="should handle conversation validation errors" time="0.543">
    </testcase>
    <testcase classname="Conversations E2E Tests (Simplified) › Conversation Basic Tests" name="should handle conversation not found" time="0.546">
    </testcase>
    <testcase classname="Conversations E2E Tests (Simplified) › Conversation Basic Tests" name="should handle invalid conversation ID format" time="0.552">
    </testcase>
  </testsuite>
</testsuites>